This is pdfTeX, Version 3.14159265-2.6-1.40.20 (TeX Live 2019) (preloaded format=pdflatex 2020.2.4)  28 AUG 2020 23:27
entering extended mode
 restricted \write18 enabled.
 %&-line parsing enabled.
**thesis.tex
(./thesis.tex
LaTeX2e <2018-12-01>
(/usr/local/texlive/2019/texmf-dist/tex/latex/base/report.cls
Document Class: report 2018/09/03 v1.4i Standard LaTeX document class
(/usr/local/texlive/2019/texmf-dist/tex/latex/base/size11.clo
File: size11.clo 2018/09/03 v1.4i Standard LaTeX file (size option)
)
\c@part=\count80
\c@chapter=\count81
\c@section=\count82
\c@subsection=\count83
\c@subsubsection=\count84
\c@paragraph=\count85
\c@subparagraph=\count86
\c@figure=\count87
\c@table=\count88
\abovecaptionskip=\skip41
\belowcaptionskip=\skip42
\bibindent=\dimen102
)
(/usr/local/texlive/2019/texmf-dist/tex/latex/geometry/geometry.sty
Package: geometry 2018/04/16 v5.8 Page Geometry

(/usr/local/texlive/2019/texmf-dist/tex/latex/graphics/keyval.sty
Package: keyval 2014/10/28 v1.15 key=value parser (DPC)
\KV@toks@=\toks14
)
(/usr/local/texlive/2019/texmf-dist/tex/generic/oberdiek/ifpdf.sty
Package: ifpdf 2018/09/07 v3.3 Provides the ifpdf switch
)
(/usr/local/texlive/2019/texmf-dist/tex/generic/oberdiek/ifvtex.sty
Package: ifvtex 2016/05/16 v1.6 Detect VTeX and its facilities (HO)
Package ifvtex Info: VTeX not detected.
)
(/usr/local/texlive/2019/texmf-dist/tex/generic/ifxetex/ifxetex.sty
Package: ifxetex 2010/09/12 v0.6 Provides ifxetex conditional
)
\Gm@cnth=\count89
\Gm@cntv=\count90
\c@Gm@tempcnt=\count91
\Gm@bindingoffset=\dimen103
\Gm@wd@mp=\dimen104
\Gm@odd@mp=\dimen105
\Gm@even@mp=\dimen106
\Gm@layoutwidth=\dimen107
\Gm@layoutheight=\dimen108
\Gm@layouthoffset=\dimen109
\Gm@layoutvoffset=\dimen110
\Gm@dimlist=\toks15
)
(/usr/local/texlive/2019/texmf-dist/tex/generic/babel/babel.sty
Package: babel 2019/05/04 3.31 The Babel package

(/usr/local/texlive/2019/texmf-dist/tex/generic/babel/switch.def
File: switch.def 2019/05/04 3.31 Babel switching mechanism
)
(/usr/local/texlive/2019/texmf-dist/tex/generic/babel-english/english.ldf
Language: english 2017/06/06 v3.3r English support from the babel system

(/usr/local/texlive/2019/texmf-dist/tex/generic/babel/babel.def
File: babel.def 2019/05/04 3.31 Babel common definitions
\babel@savecnt=\count92
\U@D=\dimen111

(/usr/local/texlive/2019/texmf-dist/tex/generic/babel/txtbabel.def)
\bbl@dirlevel=\count93
)
\l@canadian = a dialect from \language\l@american 
\l@australian = a dialect from \language\l@british 
\l@newzealand = a dialect from \language\l@british 
))
(/usr/local/texlive/2019/texmf-dist/tex/latex/graphics/graphicx.sty
Package: graphicx 2017/06/01 v1.1a Enhanced LaTeX Graphics (DPC,SPQR)

(/usr/local/texlive/2019/texmf-dist/tex/latex/graphics/graphics.sty
Package: graphics 2017/06/25 v1.2c Standard LaTeX Graphics (DPC,SPQR)

(/usr/local/texlive/2019/texmf-dist/tex/latex/graphics/trig.sty
Package: trig 2016/01/03 v1.10 sin cos tan (DPC)
)
(/usr/local/texlive/2019/texmf-dist/tex/latex/graphics-cfg/graphics.cfg
File: graphics.cfg 2016/06/04 v1.11 sample graphics configuration
)
Package graphics Info: Driver file: pdftex.def on input line 99.

(/usr/local/texlive/2019/texmf-dist/tex/latex/graphics-def/pdftex.def
File: pdftex.def 2018/01/08 v1.0l Graphics/color driver for pdftex
))
\Gin@req@height=\dimen112
\Gin@req@width=\dimen113
)
(/usr/local/texlive/2019/texmf-dist/tex/latex/base/inputenc.sty
Package: inputenc 2018/08/11 v1.3c Input encoding file
\inpenc@prehook=\toks16
\inpenc@posthook=\toks17

(/usr/local/texlive/2019/texmf-dist/tex/latex/base/latin1.def
File: latin1.def 2018/08/11 v1.3c Input encoding file
))
(/usr/local/texlive/2019/texmf-dist/tex/latex/natbib/natbib.sty
Package: natbib 2010/09/13 8.31b (PWD, AO)
\bibhang=\skip43
\bibsep=\skip44
LaTeX Info: Redefining \cite on input line 694.
\c@NAT@ctr=\count94
)
(/usr/local/texlive/2019/texmf-dist/tex/latex/listings/listings.sty
\lst@mode=\count95
\lst@gtempboxa=\box27
\lst@token=\toks18
\lst@length=\count96
\lst@currlwidth=\dimen114
\lst@column=\count97
\lst@pos=\count98
\lst@lostspace=\dimen115
\lst@width=\dimen116
\lst@newlines=\count99
\lst@lineno=\count100
\lst@maxwidth=\dimen117

(/usr/local/texlive/2019/texmf-dist/tex/latex/listings/lstmisc.sty
File: lstmisc.sty 2019/02/27 1.8b (Carsten Heinz)
\c@lstnumber=\count101
\lst@skipnumbers=\count102
\lst@framebox=\box28
)
(/usr/local/texlive/2019/texmf-dist/tex/latex/listings/listings.cfg
File: listings.cfg 2019/02/27 1.8b listings configuration
))
Package: listings 2019/02/27 1.8b (Carsten Heinz)

(/usr/local/texlive/2019/texmf-dist/tex/latex/tools/verbatim.sty
Package: verbatim 2014/10/28 v1.5q LaTeX2e package for verbatim enhancements
\every@verbatim=\toks19
\verbatim@line=\toks20
\verbatim@in@stream=\read1
)
(/usr/local/texlive/2019/texmf-dist/tex/latex/hyperref/hyperref.sty
Package: hyperref 2018/11/30 v6.88e Hypertext links for LaTeX

(/usr/local/texlive/2019/texmf-dist/tex/generic/oberdiek/hobsub-hyperref.sty
Package: hobsub-hyperref 2016/05/16 v1.14 Bundle oberdiek, subset hyperref (HO)


(/usr/local/texlive/2019/texmf-dist/tex/generic/oberdiek/hobsub-generic.sty
Package: hobsub-generic 2016/05/16 v1.14 Bundle oberdiek, subset generic (HO)
Package: hobsub 2016/05/16 v1.14 Construct package bundles (HO)
Package: infwarerr 2016/05/16 v1.4 Providing info/warning/error messages (HO)
Package: ltxcmds 2016/05/16 v1.23 LaTeX kernel commands for general use (HO)
Package: ifluatex 2016/05/16 v1.4 Provides the ifluatex switch (HO)
Package ifluatex Info: LuaTeX not detected.
Package hobsub Info: Skipping package `ifvtex' (already loaded).
Package: intcalc 2016/05/16 v1.2 Expandable calculations with integers (HO)
Package hobsub Info: Skipping package `ifpdf' (already loaded).
Package: etexcmds 2016/05/16 v1.6 Avoid name clashes with e-TeX commands (HO)
Package: kvsetkeys 2016/05/16 v1.17 Key value parser (HO)
Package: kvdefinekeys 2016/05/16 v1.4 Define keys (HO)
Package: pdftexcmds 2018/09/10 v0.29 Utility functions of pdfTeX for LuaTeX (HO
)
Package pdftexcmds Info: LuaTeX not detected.
Package pdftexcmds Info: \pdf@primitive is available.
Package pdftexcmds Info: \pdf@ifprimitive is available.
Package pdftexcmds Info: \pdfdraftmode found.
Package: pdfescape 2016/05/16 v1.14 Implements pdfTeX's escape features (HO)
Package: bigintcalc 2016/05/16 v1.4 Expandable calculations on big integers (HO
)
Package: bitset 2016/05/16 v1.2 Handle bit-vector datatype (HO)
Package: uniquecounter 2016/05/16 v1.3 Provide unlimited unique counter (HO)
)
Package hobsub Info: Skipping package `hobsub' (already loaded).
Package: letltxmacro 2016/05/16 v1.5 Let assignment for LaTeX macros (HO)
Package: hopatch 2016/05/16 v1.3 Wrapper for package hooks (HO)
Package: xcolor-patch 2016/05/16 xcolor patch
Package: atveryend 2016/05/16 v1.9 Hooks at the very end of document (HO)
Package atveryend Info: \enddocument detected (standard20110627).
Package: atbegshi 2016/06/09 v1.18 At begin shipout hook (HO)
Package: refcount 2016/05/16 v3.5 Data extraction from label references (HO)
Package: hycolor 2016/05/16 v1.8 Color options for hyperref/bookmark (HO)
)
(/usr/local/texlive/2019/texmf-dist/tex/latex/oberdiek/auxhook.sty
Package: auxhook 2016/05/16 v1.4 Hooks for auxiliary files (HO)
)
(/usr/local/texlive/2019/texmf-dist/tex/latex/oberdiek/kvoptions.sty
Package: kvoptions 2016/05/16 v3.12 Key value format for package options (HO)
)
\@linkdim=\dimen118
\Hy@linkcounter=\count103
\Hy@pagecounter=\count104

(/usr/local/texlive/2019/texmf-dist/tex/latex/hyperref/pd1enc.def
File: pd1enc.def 2018/11/30 v6.88e Hyperref: PDFDocEncoding definition (HO)
Now handling font encoding PD1 ...
... no UTF-8 mapping file for font encoding PD1
)
\Hy@SavedSpaceFactor=\count105

(/usr/local/texlive/2019/texmf-dist/tex/latex/latexconfig/hyperref.cfg
File: hyperref.cfg 2002/06/06 v1.2 hyperref configuration of TeXLive
)
Package hyperref Info: Hyper figures OFF on input line 4519.
Package hyperref Info: Link nesting OFF on input line 4524.
Package hyperref Info: Hyper index ON on input line 4527.
Package hyperref Info: Plain pages OFF on input line 4534.
Package hyperref Info: Backreferencing OFF on input line 4539.
Package hyperref Info: Implicit mode ON; LaTeX internals redefined.
Package hyperref Info: Bookmarks ON on input line 4772.
\c@Hy@tempcnt=\count106

(/usr/local/texlive/2019/texmf-dist/tex/latex/url/url.sty
\Urlmuskip=\muskip10
Package: url 2013/09/16  ver 3.4  Verb mode for urls, etc.
)
LaTeX Info: Redefining \url on input line 5125.
\XeTeXLinkMargin=\dimen119
\Fld@menulength=\count107
\Field@Width=\dimen120
\Fld@charsize=\dimen121
Package hyperref Info: Hyper figures OFF on input line 6380.
Package hyperref Info: Link nesting OFF on input line 6385.
Package hyperref Info: Hyper index ON on input line 6388.
Package hyperref Info: backreferencing OFF on input line 6395.
Package hyperref Info: Link coloring OFF on input line 6400.
Package hyperref Info: Link coloring with OCG OFF on input line 6405.
Package hyperref Info: PDF/A mode OFF on input line 6410.
LaTeX Info: Redefining \ref on input line 6450.
LaTeX Info: Redefining \pageref on input line 6454.
\Hy@abspage=\count108
\c@Item=\count109
\c@Hfootnote=\count110
)
Package hyperref Info: Driver (autodetected): hpdftex.

(/usr/local/texlive/2019/texmf-dist/tex/latex/hyperref/hpdftex.def
File: hpdftex.def 2018/11/30 v6.88e Hyperref driver for pdfTeX
\Fld@listcount=\count111
\c@bookmark@seq@number=\count112

(/usr/local/texlive/2019/texmf-dist/tex/latex/oberdiek/rerunfilecheck.sty
Package: rerunfilecheck 2016/05/16 v1.8 Rerun checks for auxiliary files (HO)
Package uniquecounter Info: New unique counter `rerunfilecheck' on input line 2
82.
)
\Hy@SectionHShift=\skip45
)
(/usr/local/texlive/2019/texmf-dist/tex/latex/tools/varioref.sty
Package: varioref 2016/02/16 v1.5c package for extended references (FMi)
\c@vrcnt=\count113
)
(/usr/local/texlive/2019/texmf-dist/tex/latex/caption/caption.sty
Package: caption 2018/10/06 v3.3-154 Customizing captions (AR)

(/usr/local/texlive/2019/texmf-dist/tex/latex/caption/caption3.sty
Package: caption3 2018/09/12 v1.8c caption3 kernel (AR)
Package caption3 Info: TeX engine: e-TeX on input line 64.
\captionmargin=\dimen122
\captionmargin@=\dimen123
\captionwidth=\dimen124
\caption@tempdima=\dimen125
\caption@indent=\dimen126
\caption@parindent=\dimen127
\caption@hangindent=\dimen128
)
\c@caption@flags=\count114
\c@ContinuedFloat=\count115
Package caption Info: hyperref package is loaded.
Package caption Info: listings package is loaded.
)
(/usr/local/texlive/2019/texmf-dist/tex/latex/pdfpages/pdfpages.sty
Package: pdfpages 2017/10/31 v0.5l Insert pages of external PDF documents (AM)

(/usr/local/texlive/2019/texmf-dist/tex/latex/base/ifthen.sty
Package: ifthen 2014/09/29 v1.1c Standard LaTeX ifthen package (DPC)
)
(/usr/local/texlive/2019/texmf-dist/tex/latex/tools/calc.sty
Package: calc 2017/05/25 v4.3 Infix arithmetic (KKT,FJ)
\calc@Acount=\count116
\calc@Bcount=\count117
\calc@Adimen=\dimen129
\calc@Bdimen=\dimen130
\calc@Askip=\skip46
\calc@Bskip=\skip47
LaTeX Info: Redefining \setlength on input line 80.
LaTeX Info: Redefining \addtolength on input line 81.
\calc@Ccount=\count118
\calc@Cskip=\skip48
)
(/usr/local/texlive/2019/texmf-dist/tex/latex/eso-pic/eso-pic.sty
Package: eso-pic 2018/04/12 v2.0h eso-pic (RN)

(/usr/local/texlive/2019/texmf-dist/tex/latex/xcolor/xcolor.sty
Package: xcolor 2016/05/11 v2.12 LaTeX color extensions (UK)

(/usr/local/texlive/2019/texmf-dist/tex/latex/graphics-cfg/color.cfg
File: color.cfg 2016/01/02 v1.6 sample color configuration
)
Package xcolor Info: Driver file: pdftex.def on input line 225.
Package xcolor Info: Model `cmy' substituted by `cmy0' on input line 1348.
Package xcolor Info: Model `hsb' substituted by `rgb' on input line 1352.
Package xcolor Info: Model `RGB' extended on input line 1364.
Package xcolor Info: Model `HTML' substituted by `rgb' on input line 1366.
Package xcolor Info: Model `Hsb' substituted by `hsb' on input line 1367.
Package xcolor Info: Model `tHsb' substituted by `hsb' on input line 1368.
Package xcolor Info: Model `HSB' substituted by `hsb' on input line 1369.
Package xcolor Info: Model `Gray' substituted by `gray' on input line 1370.
Package xcolor Info: Model `wave' substituted by `hsb' on input line 1371.
))
\AM@pagewidth=\dimen131
\AM@pageheight=\dimen132

(/usr/local/texlive/2019/texmf-dist/tex/latex/pdfpages/pppdftex.def
File: pppdftex.def 2017/10/31 v0.5l Pdfpages driver for pdfTeX (AM)
)
\AM@pagebox=\box29
\AM@global@opts=\toks21
\AM@toc@title=\toks22
\c@AM@survey=\count119
\AM@templatesizebox=\box30
)
(/usr/local/texlive/2019/texmf-dist/tex/latex/pslatex/pslatex.sty
Package: pslatex 1996/07/24 v1.2 pslatex emulation (DPC)
LaTeX Font Info:    Redeclaring symbol font `operators' on input line 65.
LaTeX Font Info:    Overwriting symbol font `operators' in version `normal'
(Font)                  OT1/cmr/m/n --> OT1/ptmcm/m/n on input line 65.
LaTeX Font Info:    Overwriting symbol font `operators' in version `bold'
(Font)                  OT1/cmr/bx/n --> OT1/ptmcm/m/n on input line 65.
LaTeX Font Info:    Redeclaring symbol font `letters' on input line 66.
LaTeX Font Info:    Overwriting symbol font `letters' in version `normal'
(Font)                  OML/cmm/m/it --> OML/ptmcm/m/it on input line 66.
LaTeX Font Info:    Overwriting symbol font `letters' in version `bold'
(Font)                  OML/cmm/b/it --> OML/ptmcm/m/it on input line 66.
LaTeX Font Info:    Redeclaring symbol font `symbols' on input line 67.
LaTeX Font Info:    Overwriting symbol font `symbols' in version `normal'
(Font)                  OMS/cmsy/m/n --> OMS/pzccm/m/n on input line 67.
LaTeX Font Info:    Overwriting symbol font `symbols' in version `bold'
(Font)                  OMS/cmsy/b/n --> OMS/pzccm/m/n on input line 67.
LaTeX Font Info:    Redeclaring symbol font `largesymbols' on input line 68.
LaTeX Font Info:    Overwriting symbol font `largesymbols' in version `normal'
(Font)                  OMX/cmex/m/n --> OMX/psycm/m/n on input line 68.
LaTeX Font Info:    Overwriting symbol font `largesymbols' in version `bold'
(Font)                  OMX/cmex/m/n --> OMX/psycm/m/n on input line 68.
\symbold=\mathgroup4
\symitalic=\mathgroup5
LaTeX Font Info:    Redeclaring math alphabet \mathbf on input line 74.
LaTeX Font Info:    Overwriting math alphabet `\mathbf' in version `normal'
(Font)                  OT1/cmr/bx/n --> OT1/ptm/bx/n on input line 74.
LaTeX Font Info:    Overwriting math alphabet `\mathbf' in version `bold'
(Font)                  OT1/cmr/bx/n --> OT1/ptm/bx/n on input line 74.
LaTeX Font Info:    Redeclaring math alphabet \mathit on input line 75.
LaTeX Font Info:    Overwriting math alphabet `\mathit' in version `normal'
(Font)                  OT1/cmr/m/it --> OT1/ptm/m/it on input line 75.
LaTeX Font Info:    Overwriting math alphabet `\mathit' in version `bold'
(Font)                  OT1/cmr/bx/it --> OT1/ptm/m/it on input line 75.
)
(/usr/local/texlive/2019/texmf-dist/tex/latex/lipsum/lipsum.sty
(/usr/local/texlive/2019/texmf-dist/tex/latex/l3kernel/expl3.sty
Package: expl3 2019-05-07 L3 programming layer (loader) 

(/usr/local/texlive/2019/texmf-dist/tex/latex/l3kernel/expl3-code.tex
Package: expl3 2019-05-07 L3 programming layer (code)
\c_max_int=\count120
\l_tmpa_int=\count121
\l_tmpb_int=\count122
\g_tmpa_int=\count123
\g_tmpb_int=\count124
\g__kernel_prg_map_int=\count125
\c__ior_term_ior=\count126
\c_log_iow=\count127
\l_iow_line_count_int=\count128
\l__iow_line_target_int=\count129
\l__iow_one_indent_int=\count130
\l__iow_indent_int=\count131
\c_zero_dim=\dimen133
\c_max_dim=\dimen134
\l_tmpa_dim=\dimen135
\l_tmpb_dim=\dimen136
\g_tmpa_dim=\dimen137
\g_tmpb_dim=\dimen138
\c_zero_skip=\skip49
\c_max_skip=\skip50
\l_tmpa_skip=\skip51
\l_tmpb_skip=\skip52
\g_tmpa_skip=\skip53
\g_tmpb_skip=\skip54
\c_zero_muskip=\muskip11
\c_max_muskip=\muskip12
\l_tmpa_muskip=\muskip13
\l_tmpb_muskip=\muskip14
\g_tmpa_muskip=\muskip15
\g_tmpb_muskip=\muskip16
\l_keys_choice_int=\count132
\l__intarray_loop_int=\count133
\c__intarray_sp_dim=\dimen139
\g__intarray_font_int=\count134
\c__fp_leading_shift_int=\count135
\c__fp_middle_shift_int=\count136
\c__fp_trailing_shift_int=\count137
\c__fp_big_leading_shift_int=\count138
\c__fp_big_middle_shift_int=\count139
\c__fp_big_trailing_shift_int=\count140
\c__fp_Bigg_leading_shift_int=\count141
\c__fp_Bigg_middle_shift_int=\count142
\c__fp_Bigg_trailing_shift_int=\count143
\c__kernel_randint_max_int=\count144
\g__fp_array_int=\count145
\l__fp_array_loop_int=\count146
\l__sort_length_int=\count147
\l__sort_min_int=\count148
\l__sort_top_int=\count149
\l__sort_max_int=\count150
\l__sort_true_max_int=\count151
\l__sort_block_int=\count152
\l__sort_begin_int=\count153
\l__sort_end_int=\count154
\l__sort_A_int=\count155
\l__sort_B_int=\count156
\l__sort_C_int=\count157
\l__tl_analysis_normal_int=\count158
\l__tl_analysis_index_int=\count159
\l__tl_analysis_nesting_int=\count160
\l__tl_analysis_type_int=\count161
\l__regex_internal_a_int=\count162
\l__regex_internal_b_int=\count163
\l__regex_internal_c_int=\count164
\l__regex_balance_int=\count165
\l__regex_group_level_int=\count166
\l__regex_mode_int=\count167
\c__regex_cs_in_class_mode_int=\count168
\c__regex_cs_mode_int=\count169
\l__regex_catcodes_int=\count170
\l__regex_default_catcodes_int=\count171
\c__regex_catcode_D_int=\count172
\c__regex_catcode_S_int=\count173
\c__regex_catcode_L_int=\count174
\c__regex_catcode_O_int=\count175
\c__regex_catcode_A_int=\count176
\c__regex_all_catcodes_int=\count177
\l__regex_show_lines_int=\count178
\l__regex_min_state_int=\count179
\l__regex_max_state_int=\count180
\l__regex_left_state_int=\count181
\l__regex_right_state_int=\count182
\l__regex_capturing_group_int=\count183
\l__regex_min_pos_int=\count184
\l__regex_max_pos_int=\count185
\l__regex_curr_pos_int=\count186
\l__regex_start_pos_int=\count187
\l__regex_success_pos_int=\count188
\l__regex_curr_char_int=\count189
\l__regex_curr_catcode_int=\count190
\l__regex_last_char_int=\count191
\l__regex_case_changed_char_int=\count192
\l__regex_curr_state_int=\count193
\l__regex_step_int=\count194
\l__regex_min_active_int=\count195
\l__regex_max_active_int=\count196
\l__regex_replacement_csnames_int=\count197
\l__regex_match_count_int=\count198
\l__regex_min_submatch_int=\count199
\l__regex_submatch_int=\count266
\l__regex_zeroth_submatch_int=\count267
\g__regex_trace_regex_int=\count268
\c_empty_box=\box31
\l_tmpa_box=\box32
\l_tmpb_box=\box33
\g_tmpa_box=\box34
\g_tmpb_box=\box35
\l__box_top_dim=\dimen140
\l__box_bottom_dim=\dimen141
\l__box_left_dim=\dimen142
\l__box_right_dim=\dimen143
\l__box_top_new_dim=\dimen144
\l__box_bottom_new_dim=\dimen145
\l__box_left_new_dim=\dimen146
\l__box_right_new_dim=\dimen147
\l__box_internal_box=\box36
\l__coffin_internal_box=\box37
\l__coffin_internal_dim=\dimen148
\l__coffin_offset_x_dim=\dimen149
\l__coffin_offset_y_dim=\dimen150
\l__coffin_x_dim=\dimen151
\l__coffin_y_dim=\dimen152
\l__coffin_x_prime_dim=\dimen153
\l__coffin_y_prime_dim=\dimen154
\c_empty_coffin=\box38
\l__coffin_aligned_coffin=\box39
\l__coffin_aligned_internal_coffin=\box40
\l_tmpa_coffin=\box41
\l_tmpb_coffin=\box42
\g_tmpa_coffin=\box43
\g_tmpb_coffin=\box44
\l__coffin_bounding_shift_dim=\dimen155
\l__coffin_left_corner_dim=\dimen156
\l__coffin_right_corner_dim=\dimen157
\l__coffin_bottom_corner_dim=\dimen158
\l__coffin_top_corner_dim=\dimen159
\l__coffin_scaled_total_height_dim=\dimen160
\l__coffin_scaled_width_dim=\dimen161
\c__coffin_empty_coffin=\box45
\l__coffin_display_coffin=\box46
\l__coffin_display_coord_coffin=\box47
\l__coffin_display_pole_coffin=\box48
\l__coffin_display_offset_dim=\dimen162
\l__coffin_display_x_dim=\dimen163
\l__coffin_display_y_dim=\dimen164
\g__file_internal_ior=\read2
\l__seq_internal_a_int=\count269
\l__seq_internal_b_int=\count270
\c__deprecation_minus_one=\count271
)
(/usr/local/texlive/2019/texmf-dist/tex/latex/l3kernel/l3pdfmode.def
File: l3pdfmode.def 2019-04-06 v L3 Experimental driver: PDF mode
\l__driver_color_stack_int=\count272
\l__driver_pdf_tmp_box=\box49
))
(/usr/local/texlive/2019/texmf-dist/tex/latex/l3packages/xparse/xparse.sty
Package: xparse 2019-05-03 L3 Experimental document command parser
\l__xparse_current_arg_int=\count273
\g__xparse_grabber_int=\count274
\l__xparse_m_args_int=\count275
\l__xparse_v_nesting_int=\count276
)
Package: lipsum 2019/01/02 v2.2 150 paragraphs of Lorem Ipsum dummy text

(/usr/local/texlive/2019/texmf-dist/tex/latex/lipsum/lipsum.ltd.tex
File: lipsum.ltd.tex 2019/01/02 v2.2 The Lorem ipsum dummy text
))
(/usr/local/texlive/2019/texmf-dist/tex/latex/sectsty/sectsty.sty
Package: sectsty 2002/02/25 v2.0.2 Commands to change all sectional heading sty
les
)
(/usr/local/texlive/2019/texmf-dist/tex/latex/jknapltx/mathrsfs.sty
Package: mathrsfs 1996/01/01 Math RSFS package v1.0 (jk)
\symrsfs=\mathgroup6
)
(/usr/local/texlive/2019/texmf-dist/tex/latex/algorithm2e/algorithm2e.sty
Package: algorithm2e 2017/07/18 v5.2 algorithms environments
\c@AlgoLine=\count277
\algocf@hangindent=\skip55

(/usr/local/texlive/2019/texmf-dist/tex/latex/ifoddpage/ifoddpage.sty
Package: ifoddpage 2016/04/23 v1.1 Conditionals for odd/even page detection
\c@checkoddpage=\count278
)
(/usr/local/texlive/2019/texmf-dist/tex/latex/tools/xspace.sty
Package: xspace 2014/10/28 v1.13 Space after command names (DPC,MH)
)
(/usr/local/texlive/2019/texmf-dist/tex/latex/relsize/relsize.sty
Package: relsize 2013/03/29 ver 4.1
)
\skiptotal=\skip56
\skiplinenumber=\skip57
\skiprule=\skip58
\skiphlne=\skip59
\skiptext=\skip60
\skiplength=\skip61
\algomargin=\skip62
\skipalgocfslide=\skip63
\algowidth=\dimen165
\inoutsize=\dimen166
\inoutindent=\dimen167
\interspacetitleruled=\dimen168
\interspacealgoruled=\dimen169
\interspacetitleboxruled=\dimen170
\algocf@ruledwidth=\skip64
\algocf@inoutbox=\box50
\algocf@inputbox=\box51
\AlCapSkip=\skip65
\AlCapHSkip=\skip66
\algoskipindent=\skip67
\algocf@nlbox=\box52
\algocf@hangingbox=\box53
\algocf@untilbox=\box54
\algocf@skipuntil=\skip68
\algocf@capbox=\box55
\algocf@lcaptionbox=\skip69
\algoheightruledefault=\skip70
\algoheightrule=\skip71
\algotitleheightruledefault=\skip72
\algotitleheightrule=\skip73
\c@algocfline=\count279
\c@algocfproc=\count280
\c@algocf=\count281
\algocf@algoframe=\box56
\algocf@algobox=\box57
)
(/usr/local/texlive/2019/texmf-dist/tex/latex/float/float.sty
Package: float 2001/11/08 v1.3d Float enhancements (AL)
\c@float@type=\count282
\float@exts=\toks23
\float@box=\box58
\@float@everytoks=\toks24
\@floatcapt=\box59
)
(/usr/local/texlive/2019/texmf-dist/tex/latex/amsmath/amsmath.sty
Package: amsmath 2018/12/01 v2.17b AMS math features
\@mathmargin=\skip74

For additional information on amsmath, use the `?' option.
(/usr/local/texlive/2019/texmf-dist/tex/latex/amsmath/amstext.sty
Package: amstext 2000/06/29 v2.01 AMS text

(/usr/local/texlive/2019/texmf-dist/tex/latex/amsmath/amsgen.sty
File: amsgen.sty 1999/11/30 v2.0 generic functions
\@emptytoks=\toks25
\ex@=\dimen171
))
(/usr/local/texlive/2019/texmf-dist/tex/latex/amsmath/amsbsy.sty
Package: amsbsy 1999/11/29 v1.2d Bold Symbols
\pmbraise@=\dimen172
)
(/usr/local/texlive/2019/texmf-dist/tex/latex/amsmath/amsopn.sty
Package: amsopn 2016/03/08 v2.02 operator names
)
\inf@bad=\count283
LaTeX Info: Redefining \frac on input line 223.
\uproot@=\count284
\leftroot@=\count285
LaTeX Info: Redefining \overline on input line 385.
\classnum@=\count286
\DOTSCASE@=\count287
LaTeX Info: Redefining \ldots on input line 482.
LaTeX Info: Redefining \dots on input line 485.
LaTeX Info: Redefining \cdots on input line 606.
\Mathstrutbox@=\box60
\strutbox@=\box61
\big@size=\dimen173
LaTeX Font Info:    Redeclaring font encoding OML on input line 729.
LaTeX Font Info:    Redeclaring font encoding OMS on input line 730.
\macc@depth=\count288
\c@MaxMatrixCols=\count289
\dotsspace@=\muskip17
\c@parentequation=\count290
\dspbrk@lvl=\count291
\tag@help=\toks26
\row@=\count292
\column@=\count293
\maxfields@=\count294
\andhelp@=\toks27
\eqnshift@=\dimen174
\alignsep@=\dimen175
\tagshift@=\dimen176
\tagwidth@=\dimen177
\totwidth@=\dimen178
\lineht@=\dimen179
\@envbody=\toks28
\multlinegap=\skip75
\multlinetaggap=\skip76
\mathdisplay@stack=\toks29
LaTeX Info: Redefining \[ on input line 2844.
LaTeX Info: Redefining \] on input line 2845.
)
(/usr/local/texlive/2019/texmf-dist/tex/latex/amsfonts/amssymb.sty
Package: amssymb 2013/01/14 v3.01 AMS font symbols

(/usr/local/texlive/2019/texmf-dist/tex/latex/amsfonts/amsfonts.sty
Package: amsfonts 2013/01/14 v3.01 Basic AMSFonts support
\symAMSa=\mathgroup7
\symAMSb=\mathgroup8
LaTeX Font Info:    Overwriting math alphabet `\mathfrak' in version `bold'
(Font)                  U/euf/m/n --> U/euf/b/n on input line 106.
))
(/usr/local/texlive/2019/texmf-dist/tex/latex/tools/longtable.sty
Package: longtable 2014/10/28 v4.11 Multi-page Table package (DPC)+ FMi change
\LTleft=\skip77
\LTright=\skip78
\LTpre=\skip79
\LTpost=\skip80
\LTchunksize=\count295
\LTcapwidth=\dimen180
\LT@head=\box62
\LT@firsthead=\box63
\LT@foot=\box64
\LT@lastfoot=\box65
\LT@cols=\count296
\LT@rows=\count297
\c@LT@tables=\count298
\c@LT@chunks=\count299
\LT@p@ftn=\toks30
) (./fiiw.sty
(/usr/local/texlive/2019/texmf-dist/tex/latex/parallel/parallel.sty
Package: parallel 2003/04/13, setting two texts parallel (me)

`parallel': setting two texts parallel, (beta 4) 2003/04/13.
\ParallelLWidth=\dimen181
\ParallelRWidth=\dimen182
\ParallelTextWidth=\dimen183
\ParallelLeftMargin=\dimen184
\ParallelUserMidSkip=\dimen185
\ParallelMainMidSkip=\dimen186
\ParallelLBox=\box66
\ParallelRBox=\box67
\ParallelBoxVar=\box68
\ParallelLTok=\box69
\ParallelRTok=\box70
\ParallelBoolVar=\count300
\ParallelBoolMid=\count301
\ParallelWhichBox=\count302
\ParallelMainMode=\count303
\ParallelFNMode=\count304
\ParallelLFNCounter=\count305
\ParallelRFNCounter=\count306
\ParallelMaxFN=\count307
\ParallelFNNumMode=\count308
)
(/usr/local/texlive/2019/texmf-dist/tex/latex/textpos/textpos.sty
Package: textpos 2019/04/15 v1.9.1

Package: textpos 2019/04/15 1.9.1, absolute positioning of text on the page
\TP@textbox=\box71
\TPHorizModule=\dimen187
\TPVertModule=\dimen188
\TP@margin=\dimen189
\TP@absmargin=\dimen190
Grid set 16 x 16 = 37.34424pt x 52.81541pt
\TPboxrulesize=\dimen191
\TP@tbargs=\toks31
\TP@prevdepth=\dimen192
) (/usr/local/texlive/2019/texmf-dist/tex/latex/fancyhdr/fancyhdr.sty
Package: fancyhdr 2019/01/31 v3.10 Extensive control of page headers and footer
s
\f@nch@headwidth=\skip81
\f@nch@O@elh=\skip82
\f@nch@O@erh=\skip83
\f@nch@O@olh=\skip84
\f@nch@O@orh=\skip85
\f@nch@O@elf=\skip86
\f@nch@O@erf=\skip87
\f@nch@O@olf=\skip88
\f@nch@O@orf=\skip89
))
(./fiiw_eng.sty) (./thesis.aux)
\openout1 = `thesis.aux'.

LaTeX Font Info:    Checking defaults for OML/cmm/m/it on input line 99.
LaTeX Font Info:    ... okay on input line 99.
LaTeX Font Info:    Checking defaults for T1/cmr/m/n on input line 99.
LaTeX Font Info:    ... okay on input line 99.
LaTeX Font Info:    Checking defaults for OT1/cmr/m/n on input line 99.
LaTeX Font Info:    ... okay on input line 99.
LaTeX Font Info:    Checking defaults for OMS/pzccm/m/n on input line 99.
LaTeX Font Info:    Try loading font information for OMS+pzccm on input line 99
.

(/usr/local/texlive/2019/texmf-dist/tex/latex/psnfss/omspzccm.fd
File: omspzccm.fd 2000/01/03 Fontinst v1.801 font definitions for OMS/pzccm.
)
LaTeX Font Info:    ... okay on input line 99.
LaTeX Font Info:    Checking defaults for OMX/cmex/m/n on input line 99.
LaTeX Font Info:    ... okay on input line 99.
LaTeX Font Info:    Checking defaults for U/cmr/m/n on input line 99.
LaTeX Font Info:    ... okay on input line 99.
LaTeX Font Info:    Checking defaults for PD1/pdf/m/n on input line 99.
LaTeX Font Info:    ... okay on input line 99.
LaTeX Font Info:    Font shape `OT1/phv/m/n' will be
(Font)              scaled to size 9.85492pt on input line 99.

*geometry* driver: auto-detecting
*geometry* detected driver: pdftex
*geometry* verbose mode - [ preamble ] result:
* driver: pdftex
* paper: a4paper
* layout: <same size as paper>
* layoutoffset:(h,v)=(0.0pt,0.0pt)
* modes: twoside 
* h-part:(L,W,R)=(99.58464pt, 426.79135pt, 71.13188pt)
* v-part:(T,H,B)=(99.58464pt, 645.87756pt, 99.58464pt)
* \paperwidth=597.50787pt
* \paperheight=845.04684pt
* \textwidth=426.79135pt
* \textheight=645.87756pt
* \oddsidemargin=27.31465pt
* \evensidemargin=-1.1381pt
* \topmargin=-9.68535pt
* \headheight=14.0pt
* \headsep=25.0pt
* \topskip=11.0pt
* \footskip=30.0pt
* \marginparwidth=103.0pt
* \marginparsep=10.0pt
* \columnsep=10.0pt
* \skip\footins=10.0pt plus 4.0pt minus 2.0pt
* \hoffset=0.0pt
* \voffset=0.0pt
* \mag=1000
* \@twocolumnfalse
* \@twosidetrue
* \@mparswitchtrue
* \@reversemarginfalse
* (1in=72.27pt=25.4mm, 1cm=28.453pt)

(/usr/local/texlive/2019/texmf-dist/tex/context/base/mkii/supp-pdf.mkii
[Loading MPS to PDF converter (version 2006.09.02).]
\scratchcounter=\count309
\scratchdimen=\dimen193
\scratchbox=\box72
\nofMPsegments=\count310
\nofMParguments=\count311
\everyMPshowfont=\toks32
\MPscratchCnt=\count312
\MPscratchDim=\dimen194
\MPnumerator=\count313
\makeMPintoPDFobject=\count314
\everyMPtoPDFconversion=\toks33
) (/usr/local/texlive/2019/texmf-dist/tex/latex/oberdiek/epstopdf-base.sty
Package: epstopdf-base 2016/05/15 v2.6 Base part for package epstopdf

(/usr/local/texlive/2019/texmf-dist/tex/latex/oberdiek/grfext.sty
Package: grfext 2016/05/16 v1.2 Manage graphics extensions (HO)
)
Package epstopdf-base Info: Redefining graphics rule for `.eps' on input line 4
38.
Package grfext Info: Graphics extension search list:
(grfext)             [.pdf,.png,.jpg,.mps,.jpeg,.jbig2,.jb2,.PDF,.PNG,.JPG,.JPE
G,.JBIG2,.JB2,.eps]
(grfext)             \AppendGraphicsExtensions on input line 456.

(/usr/local/texlive/2019/texmf-dist/tex/latex/latexconfig/epstopdf-sys.cfg
File: epstopdf-sys.cfg 2010/07/13 v1.3 Configuration of (r)epstopdf for TeX Liv
e
))
\c@lstlisting=\count315
\AtBeginShipoutBox=\box73
Package hyperref Info: Link coloring OFF on input line 99.

(/usr/local/texlive/2019/texmf-dist/tex/latex/hyperref/nameref.sty
Package: nameref 2016/05/21 v2.44 Cross-referencing by name of section

(/usr/local/texlive/2019/texmf-dist/tex/generic/oberdiek/gettitlestring.sty
Package: gettitlestring 2016/05/16 v1.5 Cleanup title references (HO)
)
\c@section@level=\count316
LaTeX Info: Redefining \Ref on input line 515.
)
LaTeX Info: Redefining \ref on input line 99.
LaTeX Info: Redefining \pageref on input line 99.
LaTeX Info: Redefining \nameref on input line 99.

(./thesis.out) (./thesis.out)
\@outlinefile=\write3
\openout3 = `thesis.out'.

LaTeX Info: Redefining \Ref on input line 99.
Package caption Info: Begin \AtBeginDocument code.
Package caption Info: float package is loaded.
Package caption Info: longtable package is loaded.

(/usr/local/texlive/2019/texmf-dist/tex/latex/caption/ltcaption.sty
Package: ltcaption 2018/08/26 v1.4-95 longtable captions (AR)
)
Package caption Info: End \AtBeginDocument code.

(/usr/local/texlive/2019/texmf-dist/tex/latex/oberdiek/pdflscape.sty
Package: pdflscape 2016/05/14 v0.11 Display of landscape pages in PDF (HO)

(/usr/local/texlive/2019/texmf-dist/tex/latex/graphics/lscape.sty
Package: lscape 2000/10/22 v3.01 Landscape Pages (DPC)
)
Package pdflscape Info: Auto-detected driver: pdftex on input line 81.
)

pdfTeX warning: /Library/TeX/texbin/pdflatex (file ./private/cover_fiiw_gent.pd
f): PDF inclusion: found PDF version <1.7>, but at most version <1.5> allowed
<private/cover_fiiw_gent.pdf, id=329, 597.55246pt x 845.07718pt>
File: private/cover_fiiw_gent.pdf Graphic file (type pdf)
<use private/cover_fiiw_gent.pdf>
Package pdftex.def Info: private/cover_fiiw_gent.pdf  used on input line 102.
(pdftex.def)             Requested size: 597.50787pt x 845.07512pt.
LaTeX Font Info:    Font shape `OT1/phv/m/n' will be
(Font)              scaled to size 35.99976pt on input line 102.
LaTeX Font Info:    Font shape `OT1/phv/m/n' will be
(Font)              scaled to size 15.55188pt on input line 102.

Overfull \hbox (37.1307pt too wide) in paragraph at lines 102--102
[][]\OT1/phv/m/n/40 Measuring HPC Per-for-mance
 []


Underfull \hbox (badness 10000) in paragraph at lines 102--102

 []


Underfull \hbox (badness 10000) in paragraph at lines 102--102

 []

LaTeX Font Info:    Font shape `OT1/phv/bx/n' in size <17.28> not available
(Font)              Font shape `OT1/phv/b/n' tried instead on input line 102.
LaTeX Font Info:    Font shape `OT1/phv/b/n' will be
(Font)              scaled to size 15.55188pt on input line 102.
LaTeX Font Info:    Font shape `OT1/phv/m/n' will be
(Font)              scaled to size 10.79993pt on input line 102.
[1

{/usr/local/texlive/2019/texmf-var/fonts/map/pdftex/updmap/pdftex.map} <./priva
te/cover_fiiw_gent.pdf>] [2

]
LaTeX Font Info:    Try loading font information for OMS+phv on input line 102.


(/usr/local/texlive/2019/texmf-dist/tex/latex/psnfss/omsphv.fd
File: omsphv.fd 
)
LaTeX Font Info:    Font shape `OMS/phv/m/n' in size <10.95> not available
(Font)              Font shape `OMS/cmsy/m/n' tried instead on input line 102.

Underfull \hbox (badness 10000) in paragraph at lines 102--102

 []


Underfull \hbox (badness 10000) in paragraph at lines 102--102

 []

[3] [4

]
LaTeX Font Info:    Font shape `OT1/phv/m/n' will be
(Font)              scaled to size 22.39185pt on input line 102.
LaTeX Font Info:    Font shape `OT1/phv/bx/n' in size <24.88> not available
(Font)              Font shape `OT1/phv/b/n' tried instead on input line 102.
LaTeX Font Info:    Font shape `OT1/phv/b/n' will be
(Font)              scaled to size 22.39185pt on input line 102.
 (./voorwoord.tex)
LaTeX Font Info:    Font shape `OT1/phv/m/n' will be
(Font)              scaled to size 7.19995pt on input line 102.
LaTeX Font Info:    Font shape `OT1/phv/bx/n' in size <8> not available
(Font)              Font shape `OT1/phv/b/n' tried instead on input line 102.
LaTeX Font Info:    Font shape `OT1/phv/b/n' will be
(Font)              scaled to size 7.19995pt on input line 102.
 [5

] [6

] (./abstract.tex
LaTeX Font Info:    Font shape `OT1/phv/bx/n' in size <10.95> not available
(Font)              Font shape `OT1/phv/b/n' tried instead on input line 23.
LaTeX Font Info:    Font shape `OT1/phv/b/n' will be
(Font)              scaled to size 9.85492pt on input line 23.
) [7] [8

] (./thesis.toc
LaTeX Font Info:    Try loading font information for OT1+ptmcm on input line 6.


(/usr/local/texlive/2019/texmf-dist/tex/latex/psnfss/ot1ptmcm.fd
File: ot1ptmcm.fd 2000/01/03 Fontinst v1.801 font definitions for OT1/ptmcm.
)
LaTeX Font Info:    Try loading font information for OML+ptmcm on input line 6.


(/usr/local/texlive/2019/texmf-dist/tex/latex/psnfss/omlptmcm.fd
File: omlptmcm.fd 2000/01/03 Fontinst v1.801 font definitions for OML/ptmcm.
)
LaTeX Font Info:    Try loading font information for OMX+psycm on input line 6.


(/usr/local/texlive/2019/texmf-dist/tex/latex/psnfss/omxpsycm.fd
File: omxpsycm.fd 2000/01/03 Fontinst v1.801 font definitions for OMX/psycm.
)
LaTeX Font Info:    Font shape `OT1/ptm/bx/n' in size <10.95> not available
(Font)              Font shape `OT1/ptm/b/n' tried instead on input line 6.
LaTeX Font Info:    Font shape `OT1/ptm/bx/n' in size <8> not available
(Font)              Font shape `OT1/ptm/b/n' tried instead on input line 6.
LaTeX Font Info:    Font shape `OT1/ptm/bx/n' in size <6> not available
(Font)              Font shape `OT1/ptm/b/n' tried instead on input line 6.
LaTeX Font Info:    Try loading font information for U+rsfs on input line 6.

(/usr/local/texlive/2019/texmf-dist/tex/latex/jknapltx/ursfs.fd
File: ursfs.fd 1998/03/24 rsfs font definition file (jk)
)
LaTeX Font Info:    Try loading font information for U+msa on input line 6.

(/usr/local/texlive/2019/texmf-dist/tex/latex/amsfonts/umsa.fd
File: umsa.fd 2013/01/14 v3.01 AMS symbols A
)
LaTeX Font Info:    Try loading font information for U+msb on input line 6.

(/usr/local/texlive/2019/texmf-dist/tex/latex/amsfonts/umsb.fd
File: umsb.fd 2013/01/14 v3.01 AMS symbols B
) [9] [10])
\tf@toc=\write4
\openout4 = `thesis.toc'.


[11] [12

] (./thesis.lof [13])
\tf@lof=\write5
\openout5 = `thesis.lof'.

 [14] (./thesis.lot)
\tf@lot=\write6
\openout6 = `thesis.lot'.

 (./symbolen.tex [15

] [16

]
[17]) (./afkortingen.tex [18] [19

]) [20] (./chapter1.tex
Chapter 1.
LaTeX Font Info:    Font shape `OT1/phv/m/n' will be
(Font)              scaled to size 18.66588pt on input line 7.
LaTeX Font Info:    Font shape `OT1/phv/bx/n' in size <20.74> not available
(Font)              Font shape `OT1/phv/b/n' tried instead on input line 7.
LaTeX Font Info:    Font shape `OT1/phv/b/n' will be
(Font)              scaled to size 18.66588pt on input line 7.
LaTeX Font Info:    Font shape `OT1/phv/m/n' will be
(Font)              scaled to size 12.9599pt on input line 8.
LaTeX Font Info:    Font shape `OT1/phv/bx/n' in size <14.4> not available
(Font)              Font shape `OT1/phv/b/n' tried instead on input line 8.
LaTeX Font Info:    Font shape `OT1/phv/b/n' will be
(Font)              scaled to size 12.9599pt on input line 8.
LaTeX Font Info:    Font shape `OT1/phv/m/it' in size <10.95> not available
(Font)              Font shape `OT1/phv/m/sl' tried instead on input line 21.
LaTeX Font Info:    Font shape `OT1/phv/m/sl' will be
(Font)              scaled to size 9.85492pt on input line 21.

Underfull \vbox (badness 10000) has occurred while \output is active []

 [1


])
(./chapter2.tex [2] [3] [4

]
Chapter 2.
LaTeX Font Info:    Font shape `OT1/phv/bx/n' in size <12> not available
(Font)              Font shape `OT1/phv/b/n' tried instead on input line 21.
LaTeX Font Info:    Font shape `OT1/phv/b/n' will be
(Font)              scaled to size 10.79993pt on input line 21.
<fig/SpamHam.png, id=645, 673.51625pt x 352.31625pt>
File: fig/SpamHam.png Graphic file (type png)
<use fig/SpamHam.png>
Package pdftex.def Info: fig/SpamHam.png  used on input line 45.
(pdftex.def)             Requested size: 341.43437pt x 178.60371pt.
LaTeX Font Info:    Font shape `OT1/phv/m/n' will be
(Font)              scaled to size 8.99994pt on input line 46.
LaTeX Font Info:    Font shape `OT1/phv/bx/n' in size <10> not available
(Font)              Font shape `OT1/phv/b/n' tried instead on input line 46.
LaTeX Font Info:    Font shape `OT1/phv/b/n' will be
(Font)              scaled to size 8.99994pt on input line 46.
[5]
<fig/SpamHamFilter.png, id=655, 588.1975pt x 221.82875pt>
File: fig/SpamHamFilter.png Graphic file (type png)
<use fig/SpamHamFilter.png>
Package pdftex.def Info: fig/SpamHamFilter.png  used on input line 57.
(pdftex.def)             Requested size: 341.43437pt x 128.76567pt.

Underfull \vbox (badness 10000) has occurred while \output is active []

 [6 <./fig/SpamHam.png>]
<fig/KnownInstances.png, id=663, 522.95375pt x 226.8475pt>
File: fig/KnownInstances.png Graphic file (type png)
<use fig/KnownInstances.png>
Package pdftex.def Info: fig/KnownInstances.png  used on input line 87.
(pdftex.def)             Requested size: 341.43437pt x 148.11024pt.

Underfull \vbox (badness 1924) has occurred while \output is active []

 [7 <./fig/SpamHamFilter.png>] [8 <./fig/KnownInstances.png>] [9] [10]
Underfull \vbox (badness 10000) has occurred while \output is active []

 [11]
[12]
LaTeX Font Info:    Font shape `OT1/phv/m/n' will be
(Font)              scaled to size 8.09995pt on input line 278.
LaTeX Font Info:    Font shape `OT1/ptm/bx/n' in size <9> not available
(Font)              Font shape `OT1/ptm/b/n' tried instead on input line 278.
LaTeX Font Info:    Font shape `OT1/ptm/bx/n' in size <7> not available
(Font)              Font shape `OT1/ptm/b/n' tried instead on input line 278.
LaTeX Font Info:    Font shape `OT1/ptm/bx/n' in size <5> not available
(Font)              Font shape `OT1/ptm/b/n' tried instead on input line 278.
LaTeX Font Info:    Font shape `OT1/phv/m/n' will be
(Font)              scaled to size 6.29996pt on input line 278.
 [13]
<fig/e-insensitive.png, id=735, 578.16pt x 361.35pt>
File: fig/e-insensitive.png Graphic file (type png)
<use fig/e-insensitive.png>
Package pdftex.def Info: fig/e-insensitive.png  used on input line 347.
(pdftex.def)             Requested size: 256.07741pt x 160.0476pt.
LaTeX Font Info:    Font shape `OT1/ptm/bx/n' in size <10> not available
(Font)              Font shape `OT1/ptm/b/n' tried instead on input line 348.
LaTeX Font Info:    Font shape `OT1/ptm/bx/n' in size <7.4> not available
(Font)              Font shape `OT1/ptm/b/n' tried instead on input line 348.
 [14] [15 <./fig/e-insensitive.png>] [16] [17]
Overfull \hbox (38.58237pt too wide) in paragraph at lines 470--471
[][]  
 []

[18] [19] [20] [21] [22] [23]
<fig/fslssvmPhases.png, id=858, 810.1467pt x 203.0787pt>
File: fig/fslssvmPhases.png Graphic file (type png)
<use fig/fslssvmPhases.png>
Package pdftex.def Info: fig/fslssvmPhases.png  used on input line 707.
(pdftex.def)             Requested size: 426.79135pt x 106.98355pt.
 [24 <./fig/fslssvmPhases.png>]
Underfull \hbox (badness 10000) in paragraph at lines 738--743

 []

<fig/TuningPhase.png, id=877, 358.4592pt x 145.2627pt>
File: fig/TuningPhase.png Graphic file (type png)
<use fig/TuningPhase.png>
Package pdftex.def Info: fig/TuningPhase.png  used on input line 767.
(pdftex.def)             Requested size: 341.43437pt x 138.37114pt.
[25] [26 <./fig/TuningPhase.png>]
<fig/fastvfoldcrossvalidationoverview.png, id=913, 432.1746pt x 405.4347pt>
File: fig/fastvfoldcrossvalidationoverview.png Graphic file (type png)
<use fig/fastvfoldcrossvalidationoverview.png>
Package pdftex.def Info: fig/fastvfoldcrossvalidationoverview.png  used on inpu
t line 841.
(pdftex.def)             Requested size: 432.17355pt x 405.4337pt.

Overfull \hbox (5.3822pt too wide) in paragraph at lines 841--842
 [][] 
 []

[27] [28 <./fig/fastvfoldcrossvalidationoverview.png>]
<fig/transistorsPerMicroprocessor.png, id=936, 3412.75pt x 2409.0pt>
File: fig/transistorsPerMicroprocessor.png Graphic file (type png)
<use fig/transistorsPerMicroprocessor.png>
Package pdftex.def Info: fig/transistorsPerMicroprocessor.png  used on input li
ne 862.
(pdftex.def)             Requested size: 341.43437pt x 240.98763pt.
 [29 <./fig/transistorsPerMicroprocessor.png (PNG copy)>]
<fig/ForkJoin.png, id=948, 319.4334pt x 109.1277pt>
File: fig/ForkJoin.png Graphic file (type png)
<use fig/ForkJoin.png>
Package pdftex.def Info: fig/ForkJoin.png  used on input line 898.
(pdftex.def)             Requested size: 341.43437pt x 116.65222pt.
<fig/Parallel_Organizations.png, id=949, 488.5452pt x 288.3573pt>
File: fig/Parallel_Organizations.png Graphic file (type png)
<use fig/Parallel_Organizations.png>
Package pdftex.def Info: fig/Parallel_Organizations.png  used on input line 904
.
(pdftex.def)             Requested size: 341.43437pt x 201.53192pt.
 [30] [31 <./fig/ForkJoin.png> <./fig/Parallel_Organizations.png>]
<fig/SIMD.png, id=966, 441.5697pt x 65.7657pt>
File: fig/SIMD.png Graphic file (type png)
<use fig/SIMD.png>
Package pdftex.def Info: fig/SIMD.png  used on input line 929.
(pdftex.def)             Requested size: 341.43437pt x 50.85248pt.
<fig/GPU.png, id=968, 441.5697pt x 376.5267pt>
File: fig/GPU.png Graphic file (type png)
<use fig/GPU.png>
Package pdftex.def Info: fig/GPU.png  used on input line 945.
(pdftex.def)             Requested size: 341.43437pt x 291.14445pt.
 [32 <./fig/SIMD.png>] [33 <./fig/GPU.png>]
<fig/cudaProces.png, id=987, 289.8027pt x 260.8947pt>
File: fig/cudaProces.png Graphic file (type png)
<use fig/cudaProces.png>
Package pdftex.def Info: fig/cudaProces.png  used on input line 1001.
(pdftex.def)             Requested size: 341.43437pt x 307.39525pt.
 [34] [35 <./fig/cudaProces.png>]
<fig/CPUbasic.png, id=1001, 406.1574pt x 232.7094pt>
File: fig/CPUbasic.png Graphic file (type png)
<use fig/CPUbasic.png>
Package pdftex.def Info: fig/CPUbasic.png  used on input line 1040.
(pdftex.def)             Requested size: 341.43437pt x 195.62369pt.
 [36]
<fig/MIMD_Organization.png, id=1011, 817.3737pt x 220.4235pt>
File: fig/MIMD_Organization.png Graphic file (type png)
<use fig/MIMD_Organization.png>
Package pdftex.def Info: fig/MIMD_Organization.png  used on input line 1051.
(pdftex.def)             Requested size: 426.79135pt x 115.09511pt.

Overfull \hbox (41.77414pt too wide) in paragraph at lines 1059--1060
\OT1/phv/m/n/10.95 SMP or-ga-ni-za-tions can be re-ferred to as stand-alone com
-puter or-ga-ni-za-tion with fol-low-ing characteristics:[[]] 
 []

[37 <./fig/CPUbasic.png> <./fig/MIMD_Organization.png>]
<fig/ThreadOverview.png, id=1026, 724.1454pt x 409.0482pt>
File: fig/ThreadOverview.png Graphic file (type png)
<use fig/ThreadOverview.png>
Package pdftex.def Info: fig/ThreadOverview.png  used on input line 1100.
(pdftex.def)             Requested size: 426.79135pt x 241.08667pt.
 [38] [39 <./fig/ThreadOverview.png>] [40]

LaTeX Warning: No positions in optional float specifier.
               Default added (so using `tbp') on input line 1158.


Underfull \vbox (badness 10000) has occurred while \output is active []

 [41]
[42]) (./chapter3.tex [43] [44

]
Chapter 3.
[45] [46]) (./chapter4.tex [47] [48

]
Chapter 4.
[49]
<fig/pareto300.png, id=1127, 562.1pt x 421.575pt>
File: fig/pareto300.png Graphic file (type png)
<use fig/pareto300.png>
Package pdftex.def Info: fig/pareto300.png  used on input line 49.
(pdftex.def)             Requested size: 341.43437pt x 256.07324pt.


LaTeX Warning: No positions in optional float specifier.
               Default added (so using `tbp') on input line 53.

[50 <./fig/pareto300.png (PNG copy)>]
<fig/fslssvm.png, id=1134, 376.5267pt x 44.0847pt>
File: fig/fslssvm.png Graphic file (type png)
<use fig/fslssvm.png>
Package pdftex.def Info: fig/fslssvm.png  used on input line 76.
(pdftex.def)             Requested size: 341.43437pt x 39.97855pt.

Overfull \hbox (38.58237pt too wide) in paragraph at lines 127--128
[][] 
 []

[51 <./fig/fslssvm.png>] [52]
<fig/fastvfoldcrossvalidation.png, id=1152, 502.9992pt x 44.0847pt>
File: fig/fastvfoldcrossvalidation.png Graphic file (type png)
<use fig/fastvfoldcrossvalidation.png>
Package pdftex.def Info: fig/fastvfoldcrossvalidation.png  used on input line 1
72.
(pdftex.def)             Requested size: 426.79135pt x 37.40758pt.


LaTeX Warning: No positions in optional float specifier.
               Default added (so using `tbp') on input line 176.

<fig/parallelcsa.png, id=1155, 606.3453pt x 234.8775pt>
File: fig/parallelcsa.png Graphic file (type png)
<use fig/parallelcsa.png>
Package pdftex.def Info: fig/parallelcsa.png  used on input line 202.
(pdftex.def)             Requested size: 426.79135pt x 165.32344pt.
[53] [54 <./fig/fastvfoldcrossvalidation.png>]

LaTeX Warning: No positions in optional float specifier.
               Default added (so using `tbp') on input line 244.

<fig/fastvfoldcrossvalidationAC.png, id=1176, 376.5267pt x 101.9007pt>
File: fig/fastvfoldcrossvalidationAC.png Graphic file (type png)
<use fig/fastvfoldcrossvalidationAC.png>
Package pdftex.def Info: fig/fastvfoldcrossvalidationAC.png  used on input line
 256.
(pdftex.def)             Requested size: 426.79135pt x 115.51183pt.
[55 <./fig/parallelcsa.png>]
<fig/fastvfoldcrossvalidationSingleFold.png, id=1188, 521.0667pt x 101.9007pt>
File: fig/fastvfoldcrossvalidationSingleFold.png Graphic file (type png)
<use fig/fastvfoldcrossvalidationSingleFold.png>
Package pdftex.def Info: fig/fastvfoldcrossvalidationSingleFold.png  used on in
put line 278.
(pdftex.def)             Requested size: 426.79135pt x 83.46425pt.
 [56 <./fig/fastvfoldcrossvalidationAC.png>]
<fig/nestedparallel.png, id=1199, 203.0787pt x 218.2554pt>
File: fig/nestedparallel.png Graphic file (type png)
<use fig/nestedparallel.png>
Package pdftex.def Info: fig/nestedparallel.png  used on input line 303.
(pdftex.def)             Requested size: 341.43437pt x 366.97626pt.

[57 <./fig/fastvfoldcrossvalidationSingleFold.png>] [58 <./fig/nestedparallel.p
ng>]

LaTeX Warning: No positions in optional float specifier.
               Default added (so using `tbp') on input line 327.

) (./chapter5.tex [59] [60

]
Chapter 5.
[61]
<fig/awsSpecifications.png, id=1234, 1013.7875pt x 371.3875pt>
File: fig/awsSpecifications.png Graphic file (type png)
<use fig/awsSpecifications.png>
Package pdftex.def Info: fig/awsSpecifications.png  used on input line 52.
(pdftex.def)             Requested size: 426.79135pt x 156.34436pt.
 [62 <./fig/awsSpecifications.png>] [63] [64] [65] [66]

LaTeX Warning: No positions in optional float specifier.
               Default added (so using `tbp') on input line 183.


LaTeX Warning: No positions in optional float specifier.
               Default added (so using `tbp') on input line 196.

<fig/smallresult.png, id=1276, 1784.6675pt x 1134.2375pt>
File: fig/smallresult.png Graphic file (type png)
<use fig/smallresult.png>
Package pdftex.def Info: fig/smallresult.png  used on input line 210.
(pdftex.def)             Requested size: 426.79135pt x 271.23605pt.
[67] [68 <./fig/smallresult.png (PNG copy)>]) (./chapter6.tex [69] [70

]
Chapter 6.

Underfull \vbox (badness 10000) has occurred while \output is active []

 [71]
Underfull \vbox (badness 3769) has occurred while \output is active []

 [72])
(./chapter7.tex [73] [74

]
Chapter 7.
)
Underfull \vbox (badness 10000) has occurred while \output is active []

 [75]
(./thesis.bbl [76]
Underfull \hbox (badness 4217) in paragraph at lines 68--75
[]\OT1/phv/m/n/10.95 Intel.  Thread-ing for-tran ap-pli-ca-tions for par-al-lel
 per-for-mance on multi-core sys-
 []


Underfull \hbox (badness 10000) in paragraph at lines 68--75
\OT1/phv/m/n/10.95 tems | in-tel[]A[] soft-ware.  []$\OT1/pcr/m/n/10.95 https :
 / / software . intel . com / en-[]us / articles /
 []


Overfull \hbox (32.36526pt too wide) in paragraph at lines 68--75
\OT1/pcr/m/n/10.95 threading-[]fortran-[]applications-[]for-[]parallel-[]perfor
mance-[]on-[]multi-[]core-[]systems$[]\OT1/phv/m/n/10.95 ,
 []

[77

]
Underfull \hbox (badness 2027) in paragraph at lines 85--91
\OT1/pcr/m/n/10.95 cloudcenter / ug / matlab-[]deep-[]learning-[]container-[]on
-[]aws . html$[]\OT1/phv/m/n/10.95 .  (Ac-cessed on
 []


Underfull \hbox (badness 1057) in paragraph at lines 107--113
\OT1/pcr/m/n/10.95 parallel-[]computing . html # scale-[]up-[]matlab-[]applicat
ions$[]\OT1/phv/m/n/10.95 , 2020.  (Ac-cessed on
 []


Underfull \hbox (badness 1609) in paragraph at lines 126--132
\OT1/pcr/m/n/10.95 com / en-[]us / dotnet / api / system . threading . thread ?
 view = netframework-[]4 . 8$[]\OT1/phv/m/n/10.95 , 2020.
 []


Underfull \hbox (badness 10000) in paragraph at lines 134--139
[]\OT1/phv/m/n/10.95 NVIDIA.  Nvidia v100s datasheet.  []$\OT1/pcr/m/n/10.95 ht
tps : / / images . nvidia . com / content /
 []


Underfull \hbox (badness 10000) in paragraph at lines 134--139
\OT1/pcr/m/n/10.95 technologies / volta / pdf / volta-[]v100-[]datasheet-[]upda
te-[]us-[]1165301-[]r5 . pdf$[]\OT1/phv/m/n/10.95 .
 []


Underfull \hbox (badness 1881) in paragraph at lines 141--146
[]\OT1/phv/m/n/10.95 NVidia.  Mat-lab | nvidia ngc.  []$\OT1/pcr/m/n/10.95 http
s : / / ngc . nvidia . com / catalog / containers /
 []

[78]) (./bijlage1.tex [79] [80

]
Appendix A.

Underfull \hbox (badness 10000) in paragraph at lines 4--9

 []

) (./bijlage2.tex [81] [82

]
Appendix B.
<fig/benchmark1.png, id=1394, 1021.8175pt x 307.1475pt>
File: fig/benchmark1.png Graphic file (type png)
<use fig/benchmark1.png>
Package pdftex.def Info: fig/benchmark1.png  used on input line 22.
(pdftex.def)             Requested size: 426.79135pt x 128.28868pt.
<fig/benchmark2.png, id=1395, 1425.325pt x 748.7975pt>
File: fig/benchmark2.png Graphic file (type png)
<use fig/benchmark2.png>
Package pdftex.def Info: fig/benchmark2.png  used on input line 27.
(pdftex.def)             Requested size: 426.79135pt x 224.2068pt.

Underfull \vbox (badness 10000) has occurred while \output is active []

 [83]
<fig/benchmark3.png, id=1401, 1425.325pt x 748.7975pt>
File: fig/benchmark3.png Graphic file (type png)
<use fig/benchmark3.png>
Package pdftex.def Info: fig/benchmark3.png  used on input line 32.
(pdftex.def)             Requested size: 426.79135pt x 224.2068pt.
<fig/benchmark4.png, id=1402, 1425.325pt x 748.7975pt>
File: fig/benchmark4.png Graphic file (type png)
<use fig/benchmark4.png>
Package pdftex.def Info: fig/benchmark4.png  used on input line 37.
(pdftex.def)             Requested size: 426.79135pt x 224.2068pt.

Underfull \vbox (badness 10000) has occurred while \output is active []

 [84 <./fig/benchmark1.png> <./fig/benchmark2.png>]
<fig/benchmark5.png, id=1409, 1425.325pt x 748.7975pt>
File: fig/benchmark5.png Graphic file (type png)
<use fig/benchmark5.png>
Package pdftex.def Info: fig/benchmark5.png  used on input line 42.
(pdftex.def)             Requested size: 426.79135pt x 224.2068pt.
<fig/benchmark7.png, id=1410, 1425.325pt x 748.7975pt>
File: fig/benchmark7.png Graphic file (type png)
<use fig/benchmark7.png>
Package pdftex.def Info: fig/benchmark7.png  used on input line 47.
(pdftex.def)             Requested size: 426.79135pt x 224.2068pt.

Underfull \vbox (badness 10000) has occurred while \output is active []

 [85 <./fig/benchmark3.png> <./fig/benchmark4.png>]
<fig/benchmark8.png, id=1417, 1425.325pt x 720.6925pt>
File: fig/benchmark8.png Graphic file (type png)
<use fig/benchmark8.png>
Package pdftex.def Info: fig/benchmark8.png  used on input line 52.
(pdftex.def)             Requested size: 426.79135pt x 215.79153pt.
<fig/benchmark9.png, id=1418, 1023.825pt x 867.24pt>
File: fig/benchmark9.png Graphic file (type png)
<use fig/benchmark9.png>
Package pdftex.def Info: fig/benchmark9.png  used on input line 57.
(pdftex.def)             Requested size: 341.43437pt x 289.20721pt.

Underfull \vbox (badness 10000) has occurred while \output is active []

 [86 <./fig/benchmark5.png> <./fig/benchmark7.png>]) (./bijlage3.tex [87 <./fig
/benchmark8.png> <./fig/benchmark9.png>] [88

]
Appendix C.

Underfull \hbox (badness 10000) in paragraph at lines 8--8

 []


Overfull \hbox (38.58237pt too wide) in paragraph at lines 8--9
[][]  
 []


Underfull \hbox (badness 10000) in paragraph at lines 17--17

 []


Overfull \hbox (38.58237pt too wide) in paragraph at lines 17--18
[][]  
 []

)

pdfTeX warning: /Library/TeX/texbin/pdflatex (file ./private/back_fiiw_gent.pdf
): PDF inclusion: found PDF version <1.7>, but at most version <1.5> allowed
<private/back_fiiw_gent.pdf, id=1435, 597.55246pt x 845.07718pt>
File: private/back_fiiw_gent.pdf Graphic file (type pdf)
<use private/back_fiiw_gent.pdf>
Package pdftex.def Info: private/back_fiiw_gent.pdf  used on input line 132.
(pdftex.def)             Requested size: 597.551pt x 845.07512pt.


pdfTeX warning: /Library/TeX/texbin/pdflatex (file ./private/back_fiiw_gent.pdf
): PDF inclusion: found PDF version <1.7>, but at most version <1.5> allowed
File: private/back_fiiw_gent.pdf Graphic file (type pdf)
<use private/back_fiiw_gent.pdf>
Package pdftex.def Info: private/back_fiiw_gent.pdf  used on input line 132.
(pdftex.def)             Requested size: 597.551pt x 845.07512pt.


pdfTeX warning: /Library/TeX/texbin/pdflatex (file ./private/back_fiiw_gent.pdf
): PDF inclusion: found PDF version <1.7>, but at most version <1.5> allowed


pdfTeX warning: /Library/TeX/texbin/pdflatex (file ./private/back_fiiw_gent.pdf
): PDF inclusion: found PDF version <1.7>, but at most version <1.5> allowed
<private/back_fiiw_gent.pdf, id=1438, page=1, 597.55246pt x 845.07718pt>
File: private/back_fiiw_gent.pdf Graphic file (type pdf)
<use private/back_fiiw_gent.pdf, page 1>
Package pdftex.def Info: private/back_fiiw_gent.pdf , page1 used on input line 
132.
(pdftex.def)             Requested size: 597.551pt x 845.07512pt.
File: private/back_fiiw_gent.pdf Graphic file (type pdf)
<use private/back_fiiw_gent.pdf, page 1>
Package pdftex.def Info: private/back_fiiw_gent.pdf , page1 used on input line 
132.
(pdftex.def)             Requested size: 597.57834pt x 845.1138pt.
[89]
File: private/back_fiiw_gent.pdf Graphic file (type pdf)
<use private/back_fiiw_gent.pdf, page 1>
Package pdftex.def Info: private/back_fiiw_gent.pdf , page1 used on input line 
132.
(pdftex.def)             Requested size: 597.57834pt x 845.1138pt.
File: private/back_fiiw_gent.pdf Graphic file (type pdf)
<use private/back_fiiw_gent.pdf, page 1>
Package pdftex.def Info: private/back_fiiw_gent.pdf , page1 used on input line 
132.
(pdftex.def)             Requested size: 597.57834pt x 845.1138pt.
File: private/back_fiiw_gent.pdf Graphic file (type pdf)
<use private/back_fiiw_gent.pdf, page 1>
Package pdftex.def Info: private/back_fiiw_gent.pdf , page1 used on input line 
132.
(pdftex.def)             Requested size: 597.57834pt x 845.1138pt.
 [90 <./private/back_fiiw_gent.pdf>]
Package atveryend Info: Empty hook `BeforeClearDocument' on input line 139.
Package atveryend Info: Empty hook `AfterLastShipout' on input line 139.
 (./thesis.aux)
Package atveryend Info: Executing hook `AtVeryEndDocument' on input line 139.
Package atveryend Info: Executing hook `AtEndAfterFileList' on input line 139.
Package rerunfilecheck Info: File `thesis.out' has not changed.
(rerunfilecheck)             Checksum: 1B3561BC7D0AF2C9B3EE476F27160743;5460.
Package atveryend Info: Empty hook `AtVeryVeryEnd' on input line 139.
 ) 
Here is how much of TeX's memory you used:
 23413 strings out of 492616
 397467 string characters out of 6129482
 601705 words of memory out of 5000000
 26563 multiletter control sequences out of 15000+600000
 607311 words of font info for 165 fonts, out of 8000000 for 9000
 1141 hyphenation exceptions out of 8191
 40i,18n,63p,565b,564s stack positions out of 5000i,500n,10000p,200000b,80000s
{/usr/local/texlive/2019/texmf-dist/fonts/enc/dvips/base/8r.enc}</usr/local/t
exlive/2019/texmf-dist/fonts/type1/public/amsfonts/cm/cmex10.pfb></usr/local/te
xlive/2019/texmf-dist/fonts/type1/public/amsfonts/cmextra/cmex9.pfb></usr/local
/texlive/2019/texmf-dist/fonts/type1/public/amsfonts/cm/cmmi10.pfb></usr/local/
texlive/2019/texmf-dist/fonts/type1/public/amsfonts/cm/cmr10.pfb></usr/local/te
xlive/2019/texmf-dist/fonts/type1/public/amsfonts/cm/cmsy10.pfb></usr/local/tex
live/2019/texmf-dist/fonts/type1/public/rsfs/rsfs10.pfb></usr/local/texlive/201
9/texmf-dist/fonts/type1/urw/courier/ucrr8a.pfb></usr/local/texlive/2019/texmf-
dist/fonts/type1/urw/helvetic/uhvb8a.pfb></usr/local/texlive/2019/texmf-dist/fo
nts/type1/urw/helvetic/uhvr8a.pfb></usr/local/texlive/2019/texmf-dist/fonts/typ
e1/urw/helvetic/uhvro8a.pfb></usr/local/texlive/2019/texmf-dist/fonts/type1/urw
/symbol/usyr.pfb></usr/local/texlive/2019/texmf-dist/fonts/type1/urw/times/utmr
8a.pfb></usr/local/texlive/2019/texmf-dist/fonts/type1/urw/times/utmri8a.pfb></
usr/local/texlive/2019/texmf-dist/fonts/type1/urw/zapfchan/uzcmi8a.pfb>
Output written on thesis.pdf (110 pages, 2679421 bytes).
PDF statistics:
 1594 PDF objects out of 1728 (max. 8388607)
 1382 compressed objects within 14 object streams
 395 named destinations out of 1000 (max. 500000)
 839 words of extra memory for PDF output out of 10000 (max. 10000000)

